{"level":"ERROR","location":"[post_call:89] fyersModel","message":{"API":"/orders/sync","Error":{"code":-50,"message":"Invalid input","s":"error"}},"timestamp":"2025-05-29 15:06:26,657+0530","service":"FyersAPI"}
{"level":"ERROR","location":"[post_call:89] fyersModel","message":{"API":"/orders/sync","Error":{"code":-50,"message":"Invalid input","s":"error"}},"timestamp":"2025-05-29 15:07:29,219+0530","service":"FyersAPI"}
{"level":"ERROR","location":"[post_call:89] fyersModel","message":{"API":"/orders/sync","Error":{"code":-50,"message":"Invalid input","s":"error"}},"timestamp":"2025-05-29 15:11:15,430+0530","service":"FyersAPI"}
{"level":"ERROR","location":"[post_call:89] fyersModel","message":{"API":"/orders/sync","Error":{"code":-50,"message":"Invalid input","s":"error"}},"timestamp":"2025-05-29 15:12:55,973+0530","service":"FyersAPI"}
{"level":"ERROR","location":"[post_call:89] fyersModel","message":{"API":"/orders/sync","Error":{"code":-50,"message":"Invalid input","s":"error"}},"timestamp":"2025-05-29 15:13:22,551+0530","service":"FyersAPI"}
{"level":"ERROR","location":"[post_call:89] fyersModel","message":{"API":"/orders/sync","Error":{"code":-50,"message":"Invalid input","s":"error"}},"timestamp":"2025-05-29 15:16:01,615+0530","service":"FyersAPI"}
{"level":"ERROR","location":"[post_call:89] fyersModel","message":{"API":"/orders/sync","Error":{"code":-50,"message":"Invalid input","s":"error"}},"timestamp":"2025-05-29 15:18:10,321+0530","service":"FyersAPI"}
{"level":"ERROR","location":"[post_call:89] fyersModel","message":{"API":"/orders/sync","Error":{"code":-50,"message":"Invalid input","s":"error"}},"timestamp":"2025-05-29 15:18:10,543+0530","service":"FyersAPI"}
{"level":"ERROR","location":"[post_call:89] fyersModel","message":{"API":"/orders/sync","Error":{"code":-16,"message":"Could not authenticate the user","s":"error"}},"timestamp":"2025-05-30 15:19:45,669+0530","service":"FyersAPI"}
{"level":"ERROR","location":"[get_call:146] fyersModel","message":{"API":"/funds","Error":{"code":-16,"message":"Could not authenticate the user","s":"error"}},"timestamp":"2025-05-30 21:44:05,187+0530","service":"FyersAPI"}
{"level":"ERROR","location":"[get_call:146] fyersModel","message":{"API":"/positions","Error":{"code":-16,"message":"Could not authenticate the user","s":"error"}},"timestamp":"2025-06-05 18:33:26,220+0530","service":"FyersAPI"}
{"level":"ERROR","location":"[get_call:146] fyersModel","message":{"API":"/positions","Error":{"code":-16,"message":"Could not authenticate the user","s":"error"}},"timestamp":"2025-06-05 18:33:35,986+0530","service":"FyersAPI"}
{"level":"ERROR","location":"[get_call:146] fyersModel","message":{"API":"/positions","Error":{"code":-16,"message":"Could not authenticate the user","s":"error"}},"timestamp":"2025-06-05 18:33:37,842+0530","service":"FyersAPI"}
{"level":"ERROR","location":"[get_call:146] fyersModel","message":{"API":"/holdings","Error":{"code":-16,"message":"Could not authenticate the user","s":"error"}},"timestamp":"2025-06-05 18:33:38,919+0530","service":"FyersAPI"}
{"level":"ERROR","location":"[get_call:146] fyersModel","message":{"API":"/holdings","Error":{"code":-16,"message":"Could not authenticate the user","s":"error"}},"timestamp":"2025-06-05 18:33:40,154+0530","service":"FyersAPI"}
{"level":"ERROR","location":"[get_call:146] fyersModel","message":{"API":"/positions","Error":{"code":-16,"message":"Could not authenticate the user","s":"error"}},"timestamp":"2025-06-06 21:10:54,427+0530","service":"FyersAPI"}
{"level":"ERROR","location":"[get_call:146] fyersModel","message":{"API":"/positions","Error":{"code":-16,"message":"Could not authenticate the user","s":"error"}},"timestamp":"2025-06-06 21:10:58,852+0530","service":"FyersAPI"}
{"level":"ERROR","location":"[get_call:146] fyersModel","message":{"API":"/holdings","Error":{"code":-16,"message":"Could not authenticate the user","s":"error"}},"timestamp":"2025-06-06 21:11:01,324+0530","service":"FyersAPI"}
{"level":"ERROR","location":"[get_call:146] fyersModel","message":{"API":"/holdings","Error":{"code":-16,"message":"Could not authenticate the user","s":"error"}},"timestamp":"2025-06-06 21:11:02,507+0530","service":"FyersAPI"}
{"level":"ERROR","location":"[get_call:146] fyersModel","message":{"API":"/positions","Error":{"code":-16,"message":"Could not authenticate the user","s":"error"}},"timestamp":"2025-06-07 15:36:16,686+0530","service":"FyersAPI"}
{"level":"ERROR","location":"[get_call:146] fyersModel","message":{"API":"/positions","Error":{"code":-16,"message":"Could not authenticate the user","s":"error"}},"timestamp":"2025-06-07 15:36:17,873+0530","service":"FyersAPI"}
{"level":"ERROR","location":"[get_call:146] fyersModel","message":{"API":"/holdings","Error":{"code":-16,"message":"Could not authenticate the user","s":"error"}},"timestamp":"2025-06-07 15:36:38,583+0530","service":"FyersAPI"}
{"level":"ERROR","location":"[get_call:146] fyersModel","message":{"API":"/holdings","Error":{"code":-16,"message":"Could not authenticate the user","s":"error"}},"timestamp":"2025-06-07 15:36:40,128+0530","service":"FyersAPI"}
{"level":"ERROR","location":"[get_call:146] fyersModel","message":{"API":"/positions","Error":{"code":-16,"message":"Could not authenticate the user","s":"error"}},"timestamp":"2025-06-07 15:41:54,923+0530","service":"FyersAPI"}
{"level":"ERROR","location":"[get_call:146] fyersModel","message":{"API":"/positions","Error":{"code":-16,"message":"Could not authenticate the user","s":"error"}},"timestamp":"2025-06-07 15:41:56,474+0530","service":"FyersAPI"}
{"level":"ERROR","location":"[get_call:146] fyersModel","message":{"API":"/holdings","Error":{"code":-16,"message":"Could not authenticate the user","s":"error"}},"timestamp":"2025-06-07 15:41:58,960+0530","service":"FyersAPI"}
{"level":"ERROR","location":"[get_call:146] fyersModel","message":{"API":"/holdings","Error":{"code":-16,"message":"Could not authenticate the user","s":"error"}},"timestamp":"2025-06-07 15:42:00,173+0530","service":"FyersAPI"}
{"level":"ERROR","location":"[get_call:146] fyersModel","message":{"API":"/positions","Error":{"code":-16,"message":"Could not authenticate the user","s":"error"}},"timestamp":"2025-06-09 23:04:36,425+0530","service":"FyersAPI"}
{"level":"ERROR","location":"[get_call:146] fyersModel","message":{"API":"/positions","Error":{"code":-16,"message":"Could not authenticate the user","s":"error"}},"timestamp":"2025-06-09 23:04:39,127+0530","service":"FyersAPI"}
{"level":"ERROR","location":"[get_call:146] fyersModel","message":{"API":"/holdings","Error":{"code":-16,"message":"Could not authenticate the user","s":"error"}},"timestamp":"2025-06-09 23:04:43,879+0530","service":"FyersAPI"}
{"level":"ERROR","location":"[get_call:146] fyersModel","message":{"API":"/holdings","Error":{"code":-16,"message":"Could not authenticate the user","s":"error"}},"timestamp":"2025-06-09 23:04:45,084+0530","service":"FyersAPI"}
{"level":"ERROR","location":"[get_call:146] fyersModel","message":{"API":"/positions","Error":{"code":-16,"message":"Could not authenticate the user","s":"error"}},"timestamp":"2025-06-09 23:11:11,086+0530","service":"FyersAPI"}
{"level":"ERROR","location":"[get_call:146] fyersModel","message":{"API":"/positions","Error":{"code":-16,"message":"Could not authenticate the user","s":"error"}},"timestamp":"2025-06-09 23:11:12,850+0530","service":"FyersAPI"}
{"level":"ERROR","location":"[get_call:146] fyersModel","message":{"API":"/holdings","Error":{"code":-16,"message":"Could not authenticate the user","s":"error"}},"timestamp":"2025-06-09 23:12:08,263+0530","service":"FyersAPI"}
{"level":"ERROR","location":"[get_call:146] fyersModel","message":{"API":"/holdings","Error":{"code":-16,"message":"Could not authenticate the user","s":"error"}},"timestamp":"2025-06-09 23:12:09,717+0530","service":"FyersAPI"}
{"level":"ERROR","location":"[get_call:146] fyersModel","message":{"API":"/holdings","Error":{"code":-16,"message":"Could not authenticate the user","s":"error"}},"timestamp":"2025-06-09 23:13:18,748+0530","service":"FyersAPI"}
{"level":"ERROR","location":"[get_call:146] fyersModel","message":{"API":"/holdings","Error":{"code":-16,"message":"Could not authenticate the user","s":"error"}},"timestamp":"2025-06-09 23:19:33,832+0530","service":"FyersAPI"}
{"level":"ERROR","location":"[get_call:146] fyersModel","message":{"API":"/holdings","Error":{"code":-16,"message":"Could not authenticate the user","s":"error"}},"timestamp":"2025-06-09 23:19:35,276+0530","service":"FyersAPI"}
{"level":"ERROR","location":"[get_call:146] fyersModel","message":{"API":"/positions","Error":{"code":-16,"message":"Could not authenticate the user","s":"error"}},"timestamp":"2025-06-09 23:28:53,603+0530","service":"FyersAPI"}
{"level":"ERROR","location":"[get_call:146] fyersModel","message":{"API":"/positions","Error":{"code":-16,"message":"Could not authenticate the user","s":"error"}},"timestamp":"2025-06-09 23:28:55,761+0530","service":"FyersAPI"}
{"level":"ERROR","location":"[get_call:146] fyersModel","message":{"API":"/positions","Error":{"code":-16,"message":"Could not authenticate the user","s":"error"}},"timestamp":"2025-06-09 23:59:42,688+0530","service":"FyersAPI"}
{"level":"ERROR","location":"[get_call:146] fyersModel","message":{"API":"/positions","Error":{"code":-16,"message":"Could not authenticate the user","s":"error"}},"timestamp":"2025-06-09 23:59:44,019+0530","service":"FyersAPI"}
{"level":"ERROR","location":"[get_call:146] fyersModel","message":{"API":"/positions","Error":{"code":-16,"message":"Could not authenticate the user","s":"error"}},"timestamp":"2025-06-10 13:37:57,091+0530","service":"FyersAPI"}
{"level":"ERROR","location":"[get_call:146] fyersModel","message":{"API":"/positions","Error":{"code":-16,"message":"Could not authenticate the user","s":"error"}},"timestamp":"2025-06-10 13:37:58,371+0530","service":"FyersAPI"}
{"level":"ERROR","location":"[get_call:146] fyersModel","message":{"API":"/holdings","Error":{"code":-16,"message":"Could not authenticate the user","s":"error"}},"timestamp":"2025-06-10 13:38:01,399+0530","service":"FyersAPI"}
{"level":"ERROR","location":"[get_call:146] fyersModel","message":{"API":"/holdings","Error":{"code":-16,"message":"Could not authenticate the user","s":"error"}},"timestamp":"2025-06-10 13:38:02,828+0530","service":"FyersAPI"}
{"level":"ERROR","location":"[get_call:146] fyersModel","message":{"API":"/positions","Error":{"code":-16,"message":"Could not authenticate the user","s":"error"}},"timestamp":"2025-06-10 13:39:57,991+0530","service":"FyersAPI"}
{"level":"ERROR","location":"[get_call:146] fyersModel","message":{"API":"/positions","Error":{"code":-16,"message":"Could not authenticate the user","s":"error"}},"timestamp":"2025-06-10 13:39:59,812+0530","service":"FyersAPI"}
{"level":"ERROR","location":"[get_call:146] fyersModel","message":{"API":"/holdings","Error":{"code":-16,"message":"Could not authenticate the user","s":"error"}},"timestamp":"2025-06-10 13:40:16,496+0530","service":"FyersAPI"}
{"level":"ERROR","location":"[get_call:146] fyersModel","message":{"API":"/holdings","Error":{"code":-16,"message":"Could not authenticate the user","s":"error"}},"timestamp":"2025-06-10 13:40:23,992+0530","service":"FyersAPI"}
{"level":"ERROR","location":"[get_call:146] fyersModel","message":{"API":"/positions","Error":{"code":-16,"message":"Could not authenticate the user","s":"error"}},"timestamp":"2025-06-10 13:40:57,508+0530","service":"FyersAPI"}
{"level":"ERROR","location":"[get_call:146] fyersModel","message":{"API":"/positions","Error":{"code":-16,"message":"Could not authenticate the user","s":"error"}},"timestamp":"2025-06-10 13:41:00,993+0530","service":"FyersAPI"}
{"level":"ERROR","location":"[get_call:146] fyersModel","message":{"API":"/positions","Error":{"code":-16,"message":"Could not authenticate the user","s":"error"}},"timestamp":"2025-06-10 14:48:03,417+0530","service":"FyersAPI"}
{"level":"ERROR","location":"[get_call:146] fyersModel","message":{"API":"/positions","Error":{"code":-16,"message":"Could not authenticate the user","s":"error"}},"timestamp":"2025-06-10 14:48:05,686+0530","service":"FyersAPI"}
{"level":"ERROR","location":"[get_call:146] fyersModel","message":{"API":"/positions","Error":{"code":-16,"message":"Could not authenticate the user","s":"error"}},"timestamp":"2025-06-10 14:59:03,899+0530","service":"FyersAPI"}
{"level":"ERROR","location":"[get_call:146] fyersModel","message":{"API":"/positions","Error":{"code":-16,"message":"Could not authenticate the user","s":"error"}},"timestamp":"2025-06-10 15:01:15,362+0530","service":"FyersAPI"}
{"level":"ERROR","location":"[get_call:146] fyersModel","message":{"API":"/positions","Error":{"code":-16,"message":"Could not authenticate the user","s":"error"}},"timestamp":"2025-06-10 15:03:49,398+0530","service":"FyersAPI"}
{"level":"ERROR","location":"[get_call:146] fyersModel","message":{"API":"/holdings","Error":{"code":-16,"message":"Could not authenticate the user","s":"error"}},"timestamp":"2025-06-10 15:12:33,002+0530","service":"FyersAPI"}
{"level":"ERROR","location":"[get_call:146] fyersModel","message":{"API":"/holdings","Error":{"code":-16,"message":"Could not authenticate the user","s":"error"}},"timestamp":"2025-06-10 15:21:41,205+0530","service":"FyersAPI"}
{"level":"ERROR","location":"[get_call:146] fyersModel","message":{"API":"/holdings","Error":{"code":-16,"message":"Could not authenticate the user","s":"error"}},"timestamp":"2025-06-10 15:21:46,704+0530","service":"FyersAPI"}
{"level":"ERROR","location":"[get_call:146] fyersModel","message":{"API":"/holdings","Error":{"code":-16,"message":"Could not authenticate the user","s":"error"}},"timestamp":"2025-06-10 15:21:48,643+0530","service":"FyersAPI"}
{"level":"ERROR","location":"[get_call:146] fyersModel","message":{"API":"/positions","Error":{"code":-16,"message":"Could not authenticate the user","s":"error"}},"timestamp":"2025-06-10 15:22:19,225+0530","service":"FyersAPI"}
{"level":"ERROR","location":"[get_call:146] fyersModel","message":{"API":"/holdings","Error":{"code":-16,"message":"Could not authenticate the user","s":"error"}},"timestamp":"2025-06-10 15:22:24,766+0530","service":"FyersAPI"}
{"level":"ERROR","location":"[get_call:146] fyersModel","message":{"API":"/holdings","Error":{"code":-16,"message":"Could not authenticate the user","s":"error"}},"timestamp":"2025-06-10 15:22:26,476+0530","service":"FyersAPI"}
{"level":"ERROR","location":"[get_call:146] fyersModel","message":{"API":"/holdings","Error":{"code":-16,"message":"Could not authenticate the user","s":"error"}},"timestamp":"2025-06-10 15:23:04,648+0530","service":"FyersAPI"}
{"level":"ERROR","location":"[get_call:146] fyersModel","message":{"API":"/holdings","Error":{"code":-16,"message":"Could not authenticate the user","s":"error"}},"timestamp":"2025-06-10 18:48:35,030+0530","service":"FyersAPI"}
{"level":"ERROR","location":"[get_call:146] fyersModel","message":{"API":"/holdings","Error":{"code":-16,"message":"Could not authenticate the user","s":"error"}},"timestamp":"2025-06-10 18:48:36,565+0530","service":"FyersAPI"}
{"level":"ERROR","location":"[get_call:146] fyersModel","message":{"API":"/positions","Error":{"code":-16,"message":"Could not authenticate the user","s":"error"}},"timestamp":"2025-06-10 18:56:45,165+0530","service":"FyersAPI"}
{"level":"ERROR","location":"[get_call:146] fyersModel","message":{"API":"/positions","Error":{"code":-16,"message":"Could not authenticate the user","s":"error"}},"timestamp":"2025-06-10 18:56:47,779+0530","service":"FyersAPI"}
{"level":"ERROR","location":"[get_call:146] fyersModel","message":{"API":"/positions","Error":{"code":-16,"message":"Could not authenticate the user","s":"error"}},"timestamp":"2025-06-10 18:58:56,961+0530","service":"FyersAPI"}
{"level":"ERROR","location":"[get_call:146] fyersModel","message":{"API":"/positions","Error":{"code":-16,"message":"Could not authenticate the user","s":"error"}},"timestamp":"2025-06-10 18:59:24,016+0530","service":"FyersAPI"}
{"level":"ERROR","location":"[get_call:146] fyersModel","message":{"API":"/positions","Error":{"code":-16,"message":"Could not authenticate the user","s":"error"}},"timestamp":"2025-06-10 19:00:26,123+0530","service":"FyersAPI"}
{"level":"ERROR","location":"[get_call:146] fyersModel","message":{"API":"/positions","Error":{"code":-16,"message":"Could not authenticate the user","s":"error"}},"timestamp":"2025-06-10 19:02:05,196+0530","service":"FyersAPI"}
{"level":"ERROR","location":"[get_call:146] fyersModel","message":{"API":"/positions","Error":{"code":-16,"message":"Could not authenticate the user","s":"error"}},"timestamp":"2025-06-10 19:03:14,039+0530","service":"FyersAPI"}
{"level":"ERROR","location":"[get_call:146] fyersModel","message":{"API":"/positions","Error":{"code":-16,"message":"Could not authenticate the user","s":"error"}},"timestamp":"2025-06-10 19:05:27,635+0530","service":"FyersAPI"}
{"level":"ERROR","location":"[get_call:146] fyersModel","message":{"API":"/holdings","Error":{"code":-16,"message":"Could not authenticate the user","s":"error"}},"timestamp":"2025-06-10 19:10:17,037+0530","service":"FyersAPI"}
{"level":"ERROR","location":"[get_call:146] fyersModel","message":{"API":"/holdings","Error":{"code":-16,"message":"Could not authenticate the user","s":"error"}},"timestamp":"2025-06-10 19:10:23,684+0530","service":"FyersAPI"}
{"level":"ERROR","location":"[get_call:146] fyersModel","message":{"API":"/holdings","Error":{"code":-16,"message":"Could not authenticate the user","s":"error"}},"timestamp":"2025-06-10 19:11:42,725+0530","service":"FyersAPI"}
{"level":"ERROR","location":"[get_call:146] fyersModel","message":{"API":"/holdings","Error":{"code":-16,"message":"Could not authenticate the user","s":"error"}},"timestamp":"2025-06-10 19:12:47,159+0530","service":"FyersAPI"}
{"level":"ERROR","location":"[get_call:146] fyersModel","message":{"API":"/holdings","Error":{"code":-16,"message":"Could not authenticate the user","s":"error"}},"timestamp":"2025-06-10 21:22:15,834+0530","service":"FyersAPI"}
{"level":"ERROR","location":"[get_call:146] fyersModel","message":{"API":"/holdings","Error":{"code":-16,"message":"Could not authenticate the user","s":"error"}},"timestamp":"2025-06-10 21:22:17,684+0530","service":"FyersAPI"}
{"level":"ERROR","location":"[get_call:146] fyersModel","message":{"API":"/positions","Error":{"code":-16,"message":"Could not authenticate the user","s":"error"}},"timestamp":"2025-06-10 23:46:26,827+0530","service":"FyersAPI"}
{"level":"ERROR","location":"[get_call:146] fyersModel","message":{"API":"/positions","Error":{"code":-16,"message":"Could not authenticate the user","s":"error"}},"timestamp":"2025-06-10 23:46:28,252+0530","service":"FyersAPI"}
